<?xml version="1.0" encoding="utf-8"?><testsuites name="pytest tests"><testsuite name="pytest" errors="0" failures="0" skipped="0" tests="2" time="4.538" timestamp="2026-07-27T23:48:05.458864+00:00" hostname="8af374932250"><testcase classname="tests.contract.test_governed_hybrid_api" name="test_governed_hybrid_api_admits_quarantines_validates_publishes_and_issues_binding_only_view" time="1.925" /><testcase classname="tests.contract.test_governed_hybrid_api" name="test_hybrid_api_rejects_body_scope_mismatch_before_admission" time="1.477" /></testsuite></testsuites>