<?xml version="1.0" encoding="utf-8"?><testsuites name="pytest tests"><testsuite name="pytest" errors="0" failures="0" skipped="0" tests="12" time="9.825" timestamp="2026-07-27T23:47:53.926489+00:00" hostname="8af374932250"><testcase classname="tests.integration.test_governed_hybrid" name="test_provider_descriptor_revision_promotion_and_tamper_fail_closed" time="0.711" /><testcase classname="tests.integration.test_governed_hybrid" name="test_conversion_admission_worker_scope_progress_idempotency_and_cancel" time="0.742" /><testcase classname="tests.integration.test_governed_hybrid" name="test_quarantine_independent_validation_atomic_publication_and_view_reauthorization" time="0.757" /><testcase classname="tests.integration.test_governed_hybrid" name="test_provider_or_validation_snapshot_changes_block_publication" time="0.745" /><testcase classname="tests.integration.test_governed_hybrid" name="test_manual_external_path_exports_only_non_authoritative_derivatives_and_retains_receipt" time="0.828" /><testcase classname="tests.integration.test_governed_hybrid" name="test_representation_family_requires_approved_frame_consistent_lods_and_seam_evidence" time="0.689" /><testcase classname="tests.integration.test_governed_hybrid" name="test_worker_lease_rotation_is_bounded_and_supersedes_prior_credentials" time="0.724" /><testcase classname="tests.integration.test_governed_hybrid" name="test_provider_failure_retains_cleanup_evidence_and_preserves_published_binding" time="1.122" /><testcase classname="tests.integration.test_governed_hybrid" name="test_provider_admission_denials_fail_closed_and_retain_safe_evidence" time="0.919" /><testcase classname="tests.integration.test_governed_hybrid" name="test_candidate_role_size_validation_and_profile_integrity_fail_closed" time="0.833" /><testcase classname="tests.integration.test_governed_hybrid" name="test_retryable_failure_resumes_only_after_verified_cleanup_and_policy_reauthorization" time="0.851" /><testcase classname="tests.integration.test_governed_hybrid" name="test_worker_renewal_fails_when_admitted_provider_revision_is_no_longer_current" time="0.880" /></testsuite></testsuites>