<?xml version="1.0" encoding="utf-8"?><testsuites name="pytest tests"><testsuite name="pytest" errors="0" failures="0" skipped="0" tests="5" time="17.564" timestamp="2026-07-27T23:49:02.941133+00:00" hostname="8af374932250"><testcase classname="tests.migration.test_migrations" name="test_clean_install_reaches_head_and_matches_canonical_tables" time="1.961" /><testcase classname="tests.migration.test_migrations" name="test_upgrade_from_foundation_preserves_immutable_identifiers_and_hashes" time="3.740" /><testcase classname="tests.migration.test_migrations" name="test_upgrade_reclassifies_legacy_interaction_representations_without_promoting_others" time="3.516" /><testcase classname="tests.migration.test_migrations" name="test_destructive_downgrade_is_denied_without_evidence_and_exactly_restores_prior_schema" time="8.333" /><testcase classname="tests.migration.test_migrations" name="test_append_only_migration_manifest_matches_bytes" time="0.001" /></testsuite></testsuites>