<?xml version="1.0" encoding="utf-8"?><testsuites name="pytest tests"><testsuite name="pytest" errors="0" failures="0" skipped="0" tests="36" time="21.430" timestamp="2026-07-27T18:10:18.608845+00:00" hostname="8af374932250"><testcase classname="tests.contract.test_api_contract" name="test_api_openapi_is_stable_unique_and_uses_server_side_auth" time="1.010" /><testcase classname="tests.contract.test_api_contract" name="test_api_asset_operation_scene_round_trip" time="0.587" /><testcase classname="tests.contract.test_api_contract" name="test_cross_tenant_api_scope_is_denied_without_disclosure" time="0.535" /><testcase classname="tests.contract.test_generated_contracts" name="test_json_schemas_are_valid_draft_2020_12" time="0.145" /><testcase classname="tests.contract.test_generated_contracts" name="test_generated_openapi_matches_runtime_and_has_unique_operations" time="0.634" /><testcase classname="tests.contract.test_generated_contracts" name="test_schema_codegen_check_has_no_drift" time="4.053" /><testcase classname="tests.contract.test_generated_contracts" name="test_protobuf_contracts_are_versioned_and_never_reuse_field_numbers" time="0.001" /><testcase classname="tests.contract.test_generated_contracts" name="test_worker_contracts_are_exposed_in_protobuf_typescript_and_python" time="0.000" /><testcase classname="tests.contract.test_governance" name="test_source_model_provider_governance_is_fail_closed" time="0.039" /><testcase classname="tests.contract.test_governance" name="test_denied_provider_cannot_execute" time="0.000" /><testcase classname="tests.contract.test_governance" name="test_reference_provider_protocols_are_deterministic_and_lossy_outputs_non_authoritative" time="0.056" /><testcase classname="tests.contract.test_infrastructure" name="test_infrastructure_structural_policy_gate" time="0.185" /><testcase classname="tests.contract.test_infrastructure" name="test_release_gate_fails_closed_before_images_and_outputs_exist" time="0.175" /><testcase classname="tests.contract.test_infrastructure" name="test_compose_workers_have_private_staging_volumes" time="0.020" /><testcase classname="tests.contract.test_observability" name="test_metrics_use_route_templates_and_security_headers" time="0.435" /><testcase classname="tests.contract.test_observability" name="test_invalid_request_id_and_content_length_are_bounded" time="0.496" /><testcase classname="tests.contract.test_observability" name="test_log_redaction_removes_credentials_and_large_binary_payloads" time="0.000" /><testcase classname="tests.contract.test_repository_boundaries" name="test_service_entrypoints_and_manifests_match_openapi" time="6.558" /><testcase classname="tests.contract.test_repository_boundaries" name="test_worker_manifests_reference_only_registered_capabilities" time="0.001" /><testcase classname="tests.contract.test_service_boundaries" name="test_logical_service_exposes_only_owned_contracts[capture-service-/v1/projects/{project_id}/assets-/v1/projects/{project_id}/scenes]" time="0.452" /><testcase classname="tests.contract.test_service_boundaries" name="test_logical_service_exposes_only_owned_contracts[workflow-service-/v1/projects/{project_id}/operations-/v1/providers]" time="0.393" /><testcase classname="tests.contract.test_service_boundaries" name="test_logical_service_exposes_only_owned_contracts[scene-service-/v1/projects/{project_id}/scenes-/v1/projects/{project_id}/assets]" time="0.472" /><testcase classname="tests.contract.test_service_boundaries" name="test_logical_service_exposes_only_owned_contracts[provider-registry-/v1/providers-/v1/representations/{representation_id}/publish]" time="1.213" /><testcase classname="tests.contract.test_service_boundaries" name="test_logical_service_exposes_only_owned_contracts[representation-publisher-/v1/representations/{representation_id}/publish-/v1/providers]" time="0.675" /><testcase classname="tests.contract.test_spec_lint" name="test_spec_lint_indexes_every_normative_requirement" time="0.095" /><testcase classname="tests.contract.test_spec_lint" name="test_requirements_outputs_are_queryable_and_have_controlled_test_plans" time="0.021" /><testcase classname="tests.contract.test_spec_lint" name="test_release_spec_gate_fails_closed_on_unverified_requirements" time="0.094" /><testcase classname="tests.contract.test_worker_manifests" name="test_worker_manifests_are_immutable_least_privilege_and_cover_registry" time="0.006" /><testcase classname="tests.contract.test_worker_manifests" name="test_worker_manifest_json_schema_accepts_every_committed_manifest" time="0.004" /><testcase classname="tests.contract.test_worker_manifests" name="test_worker_manifest_tampering_fails_before_execution" time="0.001" /><testcase classname="tests.contract.test_worker_manifests" name="test_worker_entrypoints_do_not_accept_runtime_capability_injection" time="0.000" /><testcase classname="tests.contract.test_worker_manifests" name="test_production_worker_requires_exact_deployment_bindings" time="0.001" /><testcase classname="tests.contract.test_worker_protocol" name="test_signed_worker_lease_binds_input_identity_capability_budget_and_deadline" time="0.333" /><testcase classname="tests.contract.test_worker_protocol" name="test_signed_worker_lease_rejects_tampered_envelope" time="0.377" /><testcase classname="tests.contract.test_worker_protocol" name="test_control_plane_rejects_output_hash_mismatch" time="0.383" /><testcase classname="tests.contract.test_worker_protocol" name="test_checkpoint_sequence_is_monotonic_and_expired_leases_reconcile" time="0.324" /></testsuite></testsuites>