<?xml version="1.0" encoding="utf-8"?><testsuites name="pytest tests"><testsuite name="pytest" errors="0" failures="0" skipped="0" tests="20" time="7.013" timestamp="2026-07-27T18:10:46.453829+00:00" hostname="8af374932250"><testcase classname="tests.integration.test_export_restore" name="test_pltio_foundation_open_export_clean_import_preserves_hash_and_semantic_identity" time="0.406" /><testcase classname="tests.integration.test_lifecycle_recovery" name="test_opsdr_002_backup_is_not_valid_until_isolated_restore_rehearsal" time="0.358" /><testcase classname="tests.integration.test_lifecycle_recovery" name="test_opsdr_002_corrupt_backup_fails_before_restore_claim" time="0.392" /><testcase classname="tests.integration.test_lifecycle_recovery" name="test_dataret_001_deletion_requires_hold_release_backup_two_person_approval_and_evidence" time="0.525" /><testcase classname="tests.integration.test_lifecycle_recovery" name="test_opskey_003_envelope_rotation_rewraps_keys_without_rewriting_ciphertext" time="0.430" /><testcase classname="tests.integration.test_lifecycle_recovery" name="test_opscost_001_quota_admission_and_immutable_price_source_attribution" time="0.402" /><testcase classname="tests.integration.test_s3_store" name="test_s3_content_addressed_store_is_atomic_encrypted_and_rewrappable" time="0.002" /><testcase classname="tests.integration.test_s3_store" name="test_s3_store_detects_ciphertext_tampering" time="0.001" /><testcase classname="tests.integration.test_s3_store" name="test_production_settings_fail_closed_without_keys" time="0.001" /><testcase classname="tests.integration.test_s3_store" name="test_s3_store_rejects_invalid_digest" time="0.001" /><testcase classname="tests.integration.test_scene_representation" name="test_datgit_datscene_stable_entities_commits_diff_and_rollback" time="0.444" /><testcase classname="tests.integration.test_scene_representation" name="test_hybrid_provider_quarantine_quality_publisher_and_proxy_measurement_guard" time="0.479" /><testcase classname="tests.integration.test_verticals" name="test_construction_complete_record_deficiency_retest_measurement_and_reports" time="0.474" /><testcase classname="tests.integration.test_verticals" name="test_liveforever_conflicting_recollections_generated_label_audience_revocation_and_safe_exit" time="0.415" /><testcase classname="tests.integration.test_worker_runtime" name="test_worker_registry_covers_all_declared_worker_boundaries" time="0.000" /><testcase classname="tests.integration.test_worker_runtime" name="test_pose_worker_is_durable_idempotent_and_retains_evidence" time="0.549" /><testcase classname="tests.integration.test_worker_runtime" name="test_reference_fusion_worker_propagates_uncertainty" time="0.541" /><testcase classname="tests.integration.test_worker_runtime" name="test_candidate_staging_is_idempotent_when_completion_fails_then_retries" time="0.550" /><testcase classname="tests.integration.test_worker_runtime" name="test_lingbot_checkpoint_is_hard_denied_and_operation_records_failure" time="0.459" /><testcase classname="tests.integration.test_worker_runtime" name="test_worker_cannot_execute_outside_its_capability" time="0.410" /></testsuite></testsuites>