<?xml version="1.0" encoding="utf-8"?><testsuites name="pytest tests"><testsuite name="pytest" errors="0" failures="0" skipped="0" tests="19" time="9.344" timestamp="2026-07-27T18:10:58.957402+00:00" hostname="8af374932250"><testcase classname="tests.unit.test_assets_policy" name="test_datasasset_001_content_addressed_encrypted_immutable_ingest" time="0.389" /><testcase classname="tests.unit.test_assets_policy" name="test_arciam_001_server_side_tenant_project_purpose_and_sensitive_policy" time="0.413" /><testcase classname="tests.unit.test_assets_policy" name="test_opssec_signed_asset_token_is_scoped_and_temporary" time="0.305" /><testcase classname="tests.unit.test_capture" name="test_capcscp_001_deterministic_canonical_capture_hashes_frames_and_assets" time="0.009" /><testcase classname="tests.unit.test_capture" name="test_capcscp_rejects_tampered_and_future_schema_packages" time="0.007" /><testcase classname="tests.unit.test_capture" name="test_cappoly_001_polyform_adapter_preserves_native_and_corrected_streams" time="0.004" /><testcase classname="tests.unit.test_geometry" name="test_recalign_001_ransac_recovers_metric_sim3_with_outliers" time="0.045" /><testcase classname="tests.unit.test_geometry" name="test_recdepth_rectsdf_source_aware_depth_fusion_and_uncertainty" time="0.001" /><testcase classname="tests.unit.test_geometry" name="test_recbidi_rechyb_lossy_proxy_never_authoritative" time="0.002" /><testcase classname="tests.unit.test_geometry" name="test_recchang_temporal_change_detection" time="0.000" /><testcase classname="tests.unit.test_operations" name="test_pltjob_001_durable_idempotent_checkpoint_cancel_resume" time="0.403" /><testcase classname="tests.unit.test_operations" name="test_pltjob_idempotency_conflict_and_lease_exclusion" time="0.298" /><testcase classname="tests.security.test_tenant_isolation" name="test_tstsec_cross_tenant_asset_access_is_indistinguishable_from_missing" time="0.286" /><testcase classname="tests.security.test_worker_sandbox" name="test_worker_sandbox_denies_network_and_shell_but_allows_trusted_control_io" time="0.001" /><testcase classname="tests.security.test_worker_sandbox" name="test_worker_sandbox_enforces_output_staging_limit" time="0.001" /><testcase classname="tests.migration.test_migrations" name="test_clean_install_reaches_head_and_matches_canonical_tables" time="1.288" /><testcase classname="tests.migration.test_migrations" name="test_upgrade_from_foundation_preserves_immutable_identifiers_and_hashes" time="2.268" /><testcase classname="tests.migration.test_migrations" name="test_destructive_downgrade_is_denied_by_default_and_rehearsable_only_explicitly" time="3.386" /><testcase classname="tests.migration.test_migrations" name="test_append_only_migration_manifest_matches_bytes" time="0.001" /></testsuite></testsuites>