<?xml version="1.0" encoding="utf-8"?><testsuites name="pytest tests"><testsuite name="pytest" errors="0" failures="0" skipped="0" tests="58" time="37.063" timestamp="2026-07-27T17:30:04.308247+00:00" hostname="8af374932250"><testcase classname="tests.contract.test_api_contract" name="test_api_openapi_is_stable_unique_and_uses_server_side_auth" time="0.707" /><testcase classname="tests.contract.test_api_contract" name="test_api_asset_operation_scene_round_trip" time="0.806" /><testcase classname="tests.contract.test_api_contract" name="test_cross_tenant_api_scope_is_denied_without_disclosure" time="0.526" /><testcase classname="tests.contract.test_generated_contracts" name="test_json_schemas_are_valid_draft_2020_12" time="0.113" /><testcase classname="tests.contract.test_generated_contracts" name="test_generated_openapi_matches_runtime_and_has_unique_operations" time="0.656" /><testcase classname="tests.contract.test_generated_contracts" name="test_schema_codegen_check_has_no_drift" time="4.086" /><testcase classname="tests.contract.test_generated_contracts" name="test_protobuf_contracts_are_versioned_and_never_reuse_field_numbers" time="0.001" /><testcase classname="tests.contract.test_infrastructure" name="test_infrastructure_structural_policy_gate" time="0.147" /><testcase classname="tests.contract.test_infrastructure" name="test_release_gate_fails_closed_before_images_and_outputs_exist" time="0.203" /><testcase classname="tests.contract.test_observability" name="test_metrics_use_route_templates_and_security_headers" time="0.946" /><testcase classname="tests.contract.test_observability" name="test_invalid_request_id_and_content_length_are_bounded" time="1.912" /><testcase classname="tests.contract.test_observability" name="test_log_redaction_removes_credentials_and_large_binary_payloads" time="0.002" /><testcase classname="tests.contract.test_repository_boundaries" name="test_service_entrypoints_and_manifests_match_openapi" time="8.878" /><testcase classname="tests.contract.test_repository_boundaries" name="test_worker_manifests_reference_only_registered_capabilities" time="0.001" /><testcase classname="tests.contract.test_service_boundaries" name="test_logical_service_exposes_only_owned_contracts[capture-service-/v1/projects/{project_id}/assets-/v1/projects/{project_id}/scenes]" time="0.586" /><testcase classname="tests.contract.test_service_boundaries" name="test_logical_service_exposes_only_owned_contracts[workflow-service-/v1/projects/{project_id}/operations-/v1/providers]" time="0.499" /><testcase classname="tests.contract.test_service_boundaries" name="test_logical_service_exposes_only_owned_contracts[scene-service-/v1/projects/{project_id}/scenes-/v1/projects/{project_id}/assets]" time="0.512" /><testcase classname="tests.contract.test_service_boundaries" name="test_logical_service_exposes_only_owned_contracts[provider-registry-/v1/providers-/v1/representations/{representation_id}/publish]" time="0.455" /><testcase classname="tests.contract.test_service_boundaries" name="test_logical_service_exposes_only_owned_contracts[representation-publisher-/v1/representations/{representation_id}/publish-/v1/providers]" time="0.750" /><testcase classname="tests.contract.test_spec_lint" name="test_spec_lint_indexes_every_normative_requirement" time="0.087" /><testcase classname="tests.contract.test_spec_lint" name="test_requirements_outputs_are_queryable_and_have_controlled_test_plans" time="0.022" /><testcase classname="tests.contract.test_spec_lint" name="test_release_spec_gate_fails_closed_on_unverified_requirements" time="0.086" /><testcase classname="tests.integration.test_export_restore" name="test_pltio_foundation_open_export_clean_import_preserves_hash_and_semantic_identity" time="0.342" /><testcase classname="tests.integration.test_lifecycle_recovery" name="test_opsdr_002_backup_is_not_valid_until_isolated_restore_rehearsal" time="0.322" /><testcase classname="tests.integration.test_lifecycle_recovery" name="test_opsdr_002_corrupt_backup_fails_before_restore_claim" time="0.350" /><testcase classname="tests.integration.test_lifecycle_recovery" name="test_dataret_001_deletion_requires_hold_release_backup_two_person_approval_and_evidence" time="0.411" /><testcase classname="tests.integration.test_lifecycle_recovery" name="test_opskey_003_envelope_rotation_rewraps_keys_without_rewriting_ciphertext" time="0.352" /><testcase classname="tests.integration.test_lifecycle_recovery" name="test_opscost_001_quota_admission_and_immutable_price_source_attribution" time="0.384" /><testcase classname="tests.integration.test_s3_store" name="test_s3_content_addressed_store_is_atomic_encrypted_and_rewrappable" time="0.002" /><testcase classname="tests.integration.test_s3_store" name="test_s3_store_detects_ciphertext_tampering" time="0.000" /><testcase classname="tests.integration.test_s3_store" name="test_production_settings_fail_closed_without_keys" time="0.000" /><testcase classname="tests.integration.test_s3_store" name="test_s3_store_rejects_invalid_digest" time="0.000" /><testcase classname="tests.integration.test_scene_representation" name="test_datgit_datscene_stable_entities_commits_diff_and_rollback" time="0.398" /><testcase classname="tests.integration.test_scene_representation" name="test_hybrid_provider_quarantine_quality_publisher_and_proxy_measurement_guard" time="0.309" /><testcase classname="tests.integration.test_verticals" name="test_construction_complete_record_deficiency_retest_measurement_and_reports" time="0.334" /><testcase classname="tests.integration.test_verticals" name="test_liveforever_conflicting_recollections_generated_label_audience_revocation_and_safe_exit" time="0.342" /><testcase classname="tests.integration.test_worker_runtime" name="test_worker_registry_covers_all_declared_worker_boundaries" time="0.000" /><testcase classname="tests.integration.test_worker_runtime" name="test_pose_worker_is_durable_idempotent_and_retains_evidence" time="0.348" /><testcase classname="tests.integration.test_worker_runtime" name="test_reference_fusion_worker_propagates_uncertainty" time="0.331" /><testcase classname="tests.integration.test_worker_runtime" name="test_lingbot_checkpoint_is_hard_denied_and_operation_records_failure" time="0.333" /><testcase classname="tests.integration.test_worker_runtime" name="test_worker_cannot_execute_outside_its_capability" time="0.293" /><testcase classname="tests.migration.test_migrations" name="test_clean_install_reaches_head_and_matches_canonical_tables" time="1.203" /><testcase classname="tests.migration.test_migrations" name="test_upgrade_from_foundation_preserves_immutable_identifiers_and_hashes" time="2.173" /><testcase classname="tests.migration.test_migrations" name="test_destructive_downgrade_is_denied_by_default_and_rehearsable_only_explicitly" time="3.242" /><testcase classname="tests.migration.test_migrations" name="test_append_only_migration_manifest_matches_bytes" time="0.000" /><testcase classname="tests.security.test_tenant_isolation" name="test_tstsec_cross_tenant_asset_access_is_indistinguishable_from_missing" time="0.328" /><testcase classname="tests.unit.test_assets_policy" name="test_datasasset_001_content_addressed_encrypted_immutable_ingest" time="0.307" /><testcase classname="tests.unit.test_assets_policy" name="test_arciam_001_server_side_tenant_project_purpose_and_sensitive_policy" time="0.305" /><testcase classname="tests.unit.test_assets_policy" name="test_opssec_signed_asset_token_is_scoped_and_temporary" time="0.301" /><testcase classname="tests.unit.test_capture" name="test_capcscp_001_deterministic_canonical_capture_hashes_frames_and_assets" time="0.010" /><testcase classname="tests.unit.test_capture" name="test_capcscp_rejects_tampered_and_future_schema_packages" time="0.008" /><testcase classname="tests.unit.test_capture" name="test_cappoly_001_polyform_adapter_preserves_native_and_corrected_streams" time="0.004" /><testcase classname="tests.unit.test_geometry" name="test_recalign_001_ransac_recovers_metric_sim3_with_outliers" time="0.047" /><testcase classname="tests.unit.test_geometry" name="test_recdepth_rectsdf_source_aware_depth_fusion_and_uncertainty" time="0.001" /><testcase classname="tests.unit.test_geometry" name="test_recbidi_rechyb_lossy_proxy_never_authoritative" time="0.002" /><testcase classname="tests.unit.test_geometry" name="test_recchang_temporal_change_detection" time="0.000" /><testcase classname="tests.unit.test_operations" name="test_pltjob_001_durable_idempotent_checkpoint_cancel_resume" time="0.308" /><testcase classname="tests.unit.test_operations" name="test_pltjob_idempotency_conflict_and_lease_exclusion" time="0.313" /></testsuite></testsuites>