============================= test session starts ==============================
platform linux -- Python 3.13.5, pytest-9.0.2, pluggy-1.6.0 -- /opt/pyvenv/bin/python3
cachedir: .pytest_cache
metadata: {'Python': '3.13.5', 'Platform': 'Linux-6.12.13-x86_64-with-glibc2.41', 'Packages': {'pytest': '9.0.2', 'pluggy': '1.6.0'}, 'Plugins': {'Faker': '40.1.2', 'anyio': '4.13.0', 'metadata': '3.1.1', 'json-report': '1.5.0', 'asyncio': '1.3.0'}, 'PLATFORM': 'linux/amd64', 'CI': 'true'}
rootdir: /mnt/data/spatial-intelligence-platform-v1.1.0
configfile: pytest.ini (WARNING: ignoring pytest config in pyproject.toml!)
plugins: Faker-40.1.2, anyio-4.13.0, metadata-3.1.1, json-report-1.5.0, asyncio-1.3.0
asyncio: mode=Mode.STRICT, debug=False, asyncio_default_fixture_loop_scope=None, asyncio_default_test_loop_scope=function
collecting ... collected 75 items

tests/contract/test_api_contract.py::test_api_openapi_is_stable_unique_and_uses_server_side_auth PASSED [  1%]
tests/contract/test_api_contract.py::test_api_asset_operation_scene_round_trip PASSED [  2%]
tests/contract/test_api_contract.py::test_cross_tenant_api_scope_is_denied_without_disclosure PASSED [  4%]
tests/contract/test_generated_contracts.py::test_json_schemas_are_valid_draft_2020_12 PASSED [  5%]
tests/contract/test_generated_contracts.py::test_generated_openapi_matches_runtime_and_has_unique_operations PASSED [  6%]
tests/contract/test_generated_contracts.py::test_schema_codegen_check_has_no_drift PASSED [  8%]
tests/contract/test_generated_contracts.py::test_protobuf_contracts_are_versioned_and_never_reuse_field_numbers PASSED [  9%]
tests/contract/test_generated_contracts.py::test_worker_contracts_are_exposed_in_protobuf_typescript_and_python PASSED [ 10%]
tests/contract/test_governance.py::test_source_model_provider_governance_is_fail_closed PASSED [ 12%]
tests/contract/test_governance.py::test_denied_provider_cannot_execute PASSED [ 13%]
tests/contract/test_governance.py::test_reference_provider_protocols_are_deterministic_and_lossy_outputs_non_authoritative PASSED [ 14%]
tests/contract/test_infrastructure.py::test_infrastructure_structural_policy_gate PASSED [ 16%]
tests/contract/test_infrastructure.py::test_release_gate_fails_closed_before_images_and_outputs_exist PASSED [ 17%]
tests/contract/test_infrastructure.py::test_compose_workers_have_private_staging_volumes PASSED [ 18%]
tests/contract/test_observability.py::test_metrics_use_route_templates_and_security_headers PASSED [ 20%]
tests/contract/test_observability.py::test_invalid_request_id_and_content_length_are_bounded PASSED [ 21%]
tests/contract/test_observability.py::test_log_redaction_removes_credentials_and_large_binary_payloads PASSED [ 22%]
tests/contract/test_repository_boundaries.py::test_service_entrypoints_and_manifests_match_openapi PASSED [ 24%]
tests/contract/test_repository_boundaries.py::test_worker_manifests_reference_only_registered_capabilities PASSED [ 25%]
tests/contract/test_service_boundaries.py::test_logical_service_exposes_only_owned_contracts[capture-service-/v1/projects/{project_id}/assets-/v1/projects/{project_id}/scenes] PASSED [ 26%]
tests/contract/test_service_boundaries.py::test_logical_service_exposes_only_owned_contracts[workflow-service-/v1/projects/{project_id}/operations-/v1/providers] PASSED [ 28%]
tests/contract/test_service_boundaries.py::test_logical_service_exposes_only_owned_contracts[scene-service-/v1/projects/{project_id}/scenes-/v1/projects/{project_id}/assets] PASSED [ 29%]
tests/contract/test_service_boundaries.py::test_logical_service_exposes_only_owned_contracts[provider-registry-/v1/providers-/v1/representations/{representation_id}/publish] PASSED [ 30%]
tests/contract/test_service_boundaries.py::test_logical_service_exposes_only_owned_contracts[representation-publisher-/v1/representations/{representation_id}/publish-/v1/providers] PASSED [ 32%]
tests/contract/test_spec_lint.py::test_spec_lint_indexes_every_normative_requirement PASSED [ 33%]
tests/contract/test_spec_lint.py::test_requirements_outputs_are_queryable_and_have_controlled_test_plans PASSED [ 34%]
tests/contract/test_spec_lint.py::test_release_spec_gate_fails_closed_on_unverified_requirements PASSED [ 36%]
tests/contract/test_worker_manifests.py::test_worker_manifests_are_immutable_least_privilege_and_cover_registry PASSED [ 37%]
tests/contract/test_worker_manifests.py::test_worker_manifest_json_schema_accepts_every_committed_manifest PASSED [ 38%]
tests/contract/test_worker_manifests.py::test_worker_manifest_tampering_fails_before_execution PASSED [ 40%]
tests/contract/test_worker_manifests.py::test_worker_entrypoints_do_not_accept_runtime_capability_injection PASSED [ 41%]
tests/contract/test_worker_manifests.py::test_production_worker_requires_exact_deployment_bindings PASSED [ 42%]
tests/contract/test_worker_protocol.py::test_signed_worker_lease_binds_input_identity_capability_budget_and_deadline PASSED [ 44%]
tests/contract/test_worker_protocol.py::test_signed_worker_lease_rejects_tampered_envelope PASSED [ 45%]
tests/contract/test_worker_protocol.py::test_control_plane_rejects_output_hash_mismatch PASSED [ 46%]
tests/contract/test_worker_protocol.py::test_checkpoint_sequence_is_monotonic_and_expired_leases_reconcile PASSED [ 48%]
tests/integration/test_export_restore.py::test_pltio_foundation_open_export_clean_import_preserves_hash_and_semantic_identity PASSED [ 49%]
tests/integration/test_lifecycle_recovery.py::test_opsdr_002_backup_is_not_valid_until_isolated_restore_rehearsal PASSED [ 50%]
tests/integration/test_lifecycle_recovery.py::test_opsdr_002_corrupt_backup_fails_before_restore_claim PASSED [ 52%]
tests/integration/test_lifecycle_recovery.py::test_dataret_001_deletion_requires_hold_release_backup_two_person_approval_and_evidence PASSED [ 53%]
tests/integration/test_lifecycle_recovery.py::test_opskey_003_envelope_rotation_rewraps_keys_without_rewriting_ciphertext PASSED [ 54%]
tests/integration/test_lifecycle_recovery.py::test_opscost_001_quota_admission_and_immutable_price_source_attribution PASSED [ 56%]
tests/integration/test_s3_store.py::test_s3_content_addressed_store_is_atomic_encrypted_and_rewrappable PASSED [ 57%]
tests/integration/test_s3_store.py::test_s3_store_detects_ciphertext_tampering PASSED [ 58%]
tests/integration/test_s3_store.py::test_production_settings_fail_closed_without_keys PASSED [ 60%]
tests/integration/test_s3_store.py::test_s3_store_rejects_invalid_digest PASSED [ 61%]
tests/integration/test_scene_representation.py::test_datgit_datscene_stable_entities_commits_diff_and_rollback PASSED [ 62%]
tests/integration/test_scene_representation.py::test_hybrid_provider_quarantine_quality_publisher_and_proxy_measurement_guard PASSED [ 64%]
tests/integration/test_verticals.py::test_construction_complete_record_deficiency_retest_measurement_and_reports PASSED [ 65%]
tests/integration/test_verticals.py::test_liveforever_conflicting_recollections_generated_label_audience_revocation_and_safe_exit PASSED [ 66%]
tests/integration/test_worker_runtime.py::test_worker_registry_covers_all_declared_worker_boundaries PASSED [ 68%]
tests/integration/test_worker_runtime.py::test_pose_worker_is_durable_idempotent_and_retains_evidence PASSED [ 69%]
tests/integration/test_worker_runtime.py::test_reference_fusion_worker_propagates_uncertainty PASSED [ 70%]
tests/integration/test_worker_runtime.py::test_candidate_staging_is_idempotent_when_completion_fails_then_retries PASSED [ 72%]
tests/integration/test_worker_runtime.py::test_lingbot_checkpoint_is_hard_denied_and_operation_records_failure PASSED [ 73%]
tests/integration/test_worker_runtime.py::test_worker_cannot_execute_outside_its_capability PASSED [ 74%]
tests/migration/test_migrations.py::test_clean_install_reaches_head_and_matches_canonical_tables PASSED [ 76%]
tests/migration/test_migrations.py::test_upgrade_from_foundation_preserves_immutable_identifiers_and_hashes PASSED [ 77%]
tests/migration/test_migrations.py::test_destructive_downgrade_is_denied_by_default_and_rehearsable_only_explicitly PASSED [ 78%]
tests/migration/test_migrations.py::test_append_only_migration_manifest_matches_bytes PASSED [ 80%]
tests/security/test_tenant_isolation.py::test_tstsec_cross_tenant_asset_access_is_indistinguishable_from_missing PASSED [ 81%]
tests/security/test_worker_sandbox.py::test_worker_sandbox_denies_network_and_shell_but_allows_trusted_control_io PASSED [ 82%]
tests/security/test_worker_sandbox.py::test_worker_sandbox_enforces_output_staging_limit PASSED [ 84%]
tests/unit/test_assets_policy.py::test_datasasset_001_content_addressed_encrypted_immutable_ingest PASSED [ 85%]
tests/unit/test_assets_policy.py::test_arciam_001_server_side_tenant_project_purpose_and_sensitive_policy PASSED [ 86%]
tests/unit/test_assets_policy.py::test_opssec_signed_asset_token_is_scoped_and_temporary PASSED [ 88%]
tests/unit/test_capture.py::test_capcscp_001_deterministic_canonical_capture_hashes_frames_and_assets PASSED [ 89%]
tests/unit/test_capture.py::test_capcscp_rejects_tampered_and_future_schema_packages PASSED [ 90%]
tests/unit/test_capture.py::test_cappoly_001_polyform_adapter_preserves_native_and_corrected_streams PASSED [ 92%]
tests/unit/test_geometry.py::test_recalign_001_ransac_recovers_metric_sim3_with_outliers PASSED [ 93%]
tests/unit/test_geometry.py::test_recdepth_rectsdf_source_aware_depth_fusion_and_uncertainty PASSED [ 94%]
tests/unit/test_geometry.py::test_recbidi_rechyb_lossy_proxy_never_authoritative PASSED [ 96%]
tests/unit/test_geometry.py::test_recchang_temporal_change_detection PASSED [ 97%]
tests/unit/test_operations.py::test_pltjob_001_durable_idempotent_checkpoint_cancel_resume PASSED [ 98%]
tests/unit/test_operations.py::test_pltjob_idempotency_conflict_and_lease_exclusion PASSED [100%]

============================= 75 passed in 37.38s ==============================
